<?xml version="1.0" encoding="UTF-8"?>
<testsuite name="factorial.FactorialNumberTest" tests="3" skipped="0" failures="0" errors="0" timestamp="2023-02-18T20:58:43" hostname="DESKTOP-LCG67TP" time="0.022">
  <properties/>
  <testcase name="This test shows the factorial and its result of a positive number" classname="factorial.FactorialNumberTest" time="0.019"/>
  <testcase name="This test shows the factorial and its zero result" classname="factorial.FactorialNumberTest" time="0.002"/>
  <testcase name="This test shows that a negative number doesn't have factorial" classname="factorial.FactorialNumberTest" time="0.0"/>
  <system-out><![CDATA[]]></system-out>
  <system-err><![CDATA[]]></system-err>
</testsuite>
